{
  "stats": {
    "suites": 11,
    "tests": 10,
    "passes": 10,
    "pending": 0,
    "failures": 0,
    "start": "2025-01-18T18:02:29.208Z",
    "end": "2025-01-18T18:02:32.255Z",
    "duration": 3047,
    "testsRegistered": 10,
    "passPercent": 100,
    "pendingPercent": 0,
    "other": 0,
    "hasOther": false,
    "skipped": 0,
    "hasSkipped": false
  },
  "results": [
    {
      "uuid": "2f099038-f4b0-46c9-bf8c-62b117c61046",
      "title": "",
      "fullFile": "cypress/e2e/2-advanced-examples/cypress_api.cy.js",
      "file": "cypress/e2e/2-advanced-examples/cypress_api.cy.js",
      "beforeHooks": [],
      "afterHooks": [],
      "tests": [],
      "suites": [
        {
          "uuid": "cc16524a-34bf-41d3-b014-4d8d382973e8",
          "title": "Cypress APIs",
          "fullFile": "",
          "file": "",
          "beforeHooks": [],
          "afterHooks": [],
          "tests": [],
          "suites": [
            {
              "uuid": "82fbe4fe-a7c1-4ae3-974d-142331ea4b43",
              "title": "Cypress.Commands",
              "fullFile": "",
              "file": "",
              "beforeHooks": [],
              "afterHooks": [],
              "tests": [
                {
                  "title": ".add() - create a custom command",
                  "fullTitle": "Cypress APIs Cypress.Commands .add() - create a custom command",
                  "timedOut": null,
                  "duration": 666,
                  "state": "passed",
                  "speed": "fast",
                  "pass": true,
                  "fail": false,
                  "pending": false,
                  "context": null,
                  "code": "Cypress.Commands.add('console', {\n  prevSubject: true\n}, (subject, method) => {\n  // the previous subject is automatically received\n  // and the commands arguments are shifted\n  // allow us to change the console method used\n  method = method || 'log';\n  // log the subject to the console\n  console[method]('The subject is', subject);\n  // whatever we return becomes the new subject\n  // we don't want to change the subject so\n  // we return whatever was passed in\n  return subject;\n});\ncy.get('button').console('info').then($button => {\n  // subject is still $button\n});",
                  "err": {},
                  "uuid": "bc0157f3-3ceb-4322-ad52-fac1bc28246c",
                  "parentUUID": "82fbe4fe-a7c1-4ae3-974d-142331ea4b43",
                  "isHook": false,
                  "skipped": false
                }
              ],
              "suites": [],
              "passes": [
                "bc0157f3-3ceb-4322-ad52-fac1bc28246c"
              ],
              "failures": [],
              "pending": [],
              "skipped": [],
              "duration": 666,
              "root": false,
              "rootEmpty": false,
              "_timeout": 2000
            },
            {
              "uuid": "6e5a4b89-19c1-43fb-90bc-9648d1e96b8b",
              "title": "Cypress.Cookies",
              "fullFile": "",
              "file": "",
              "beforeHooks": [],
              "afterHooks": [],
              "tests": [
                {
                  "title": ".debug() - enable or disable debugging",
                  "fullTitle": "Cypress APIs Cypress.Cookies .debug() - enable or disable debugging",
                  "timedOut": null,
                  "duration": 343,
                  "state": "passed",
                  "speed": "fast",
                  "pass": true,
                  "fail": false,
                  "pending": false,
                  "context": null,
                  "code": "Cypress.Cookies.debug(true);\n// Cypress will now log in the console when\n// cookies are set or cleared\ncy.setCookie('fakeCookie', '123ABC');\ncy.clearCookie('fakeCookie');\ncy.setCookie('fakeCookie', '123ABC');\ncy.clearCookie('fakeCookie');\ncy.setCookie('fakeCookie', '123ABC');",
                  "err": {},
                  "uuid": "c3c5e4fb-7e42-4ed3-a69b-a84985a6db69",
                  "parentUUID": "6e5a4b89-19c1-43fb-90bc-9648d1e96b8b",
                  "isHook": false,
                  "skipped": false
                }
              ],
              "suites": [],
              "passes": [
                "c3c5e4fb-7e42-4ed3-a69b-a84985a6db69"
              ],
              "failures": [],
              "pending": [],
              "skipped": [],
              "duration": 343,
              "root": false,
              "rootEmpty": false,
              "_timeout": 2000
            },
            {
              "uuid": "491ba0cf-ba3d-4fee-b526-6396acc8a4d4",
              "title": "Cypress.arch",
              "fullFile": "",
              "file": "",
              "beforeHooks": [],
              "afterHooks": [],
              "tests": [
                {
                  "title": "Get CPU architecture name of underlying OS",
                  "fullTitle": "Cypress APIs Cypress.arch Get CPU architecture name of underlying OS",
                  "timedOut": null,
                  "duration": 289,
                  "state": "passed",
                  "speed": "fast",
                  "pass": true,
                  "fail": false,
                  "pending": false,
                  "context": null,
                  "code": "// https://on.cypress.io/arch\nexpect(Cypress.arch).to.exist;",
                  "err": {},
                  "uuid": "5d758039-d39d-40df-b0ed-ff35c31b429f",
                  "parentUUID": "491ba0cf-ba3d-4fee-b526-6396acc8a4d4",
                  "isHook": false,
                  "skipped": false
                }
              ],
              "suites": [],
              "passes": [
                "5d758039-d39d-40df-b0ed-ff35c31b429f"
              ],
              "failures": [],
              "pending": [],
              "skipped": [],
              "duration": 289,
              "root": false,
              "rootEmpty": false,
              "_timeout": 2000
            },
            {
              "uuid": "e2f85d09-377f-4494-8af1-bab1bf8097a5",
              "title": "Cypress.config()",
              "fullFile": "",
              "file": "",
              "beforeHooks": [],
              "afterHooks": [],
              "tests": [
                {
                  "title": "Get and set configuration options",
                  "fullTitle": "Cypress APIs Cypress.config() Get and set configuration options",
                  "timedOut": null,
                  "duration": 132,
                  "state": "passed",
                  "speed": "fast",
                  "pass": true,
                  "fail": false,
                  "pending": false,
                  "context": null,
                  "code": "// https://on.cypress.io/config\nlet myConfig = Cypress.config();\nexpect(myConfig).to.have.property('animationDistanceThreshold', 5);\nexpect(myConfig).to.have.property('baseUrl', null);\nexpect(myConfig).to.have.property('defaultCommandTimeout', 4000);\nexpect(myConfig).to.have.property('requestTimeout', 5000);\nexpect(myConfig).to.have.property('responseTimeout', 30000);\nexpect(myConfig).to.have.property('viewportHeight', 660);\nexpect(myConfig).to.have.property('viewportWidth', 1000);\nexpect(myConfig).to.have.property('pageLoadTimeout', 60000);\nexpect(myConfig).to.have.property('waitForAnimations', true);\nexpect(Cypress.config('pageLoadTimeout')).to.eq(60000);\n// this will change the config for the rest of your tests!\nCypress.config('pageLoadTimeout', 20000);\nexpect(Cypress.config('pageLoadTimeout')).to.eq(20000);\nCypress.config('pageLoadTimeout', 60000);",
                  "err": {},
                  "uuid": "f7248a39-bf6b-4180-9146-3814a3f4cd1d",
                  "parentUUID": "e2f85d09-377f-4494-8af1-bab1bf8097a5",
                  "isHook": false,
                  "skipped": false
                }
              ],
              "suites": [],
              "passes": [
                "f7248a39-bf6b-4180-9146-3814a3f4cd1d"
              ],
              "failures": [],
              "pending": [],
              "skipped": [],
              "duration": 132,
              "root": false,
              "rootEmpty": false,
              "_timeout": 2000
            },
            {
              "uuid": "2f971812-03d5-4b0a-8953-d8914545d32f",
              "title": "Cypress.dom",
              "fullFile": "",
              "file": "",
              "beforeHooks": [],
              "afterHooks": [],
              "tests": [
                {
                  "title": ".isHidden() - determine if a DOM element is hidden",
                  "fullTitle": "Cypress APIs Cypress.dom .isHidden() - determine if a DOM element is hidden",
                  "timedOut": null,
                  "duration": 78,
                  "state": "passed",
                  "speed": "fast",
                  "pass": true,
                  "fail": false,
                  "pending": false,
                  "context": null,
                  "code": "let hiddenP = Cypress.$('.dom-p p.hidden').get(0);\nlet visibleP = Cypress.$('.dom-p p.visible').get(0);\n// our first paragraph has css class 'hidden'\nexpect(Cypress.dom.isHidden(hiddenP)).to.be.true;\nexpect(Cypress.dom.isHidden(visibleP)).to.be.false;",
                  "err": {},
                  "uuid": "0798edc6-f8b0-44da-bebf-82fbaa4c982a",
                  "parentUUID": "2f971812-03d5-4b0a-8953-d8914545d32f",
                  "isHook": false,
                  "skipped": false
                }
              ],
              "suites": [],
              "passes": [
                "0798edc6-f8b0-44da-bebf-82fbaa4c982a"
              ],
              "failures": [],
              "pending": [],
              "skipped": [],
              "duration": 78,
              "root": false,
              "rootEmpty": false,
              "_timeout": 2000
            },
            {
              "uuid": "fa0cf546-007d-4932-9d0b-e20f1911bb9a",
              "title": "Cypress.env()",
              "fullFile": "",
              "file": "",
              "beforeHooks": [],
              "afterHooks": [],
              "tests": [
                {
                  "title": "Get environment variables",
                  "fullTitle": "Cypress APIs Cypress.env() Get environment variables",
                  "timedOut": null,
                  "duration": 75,
                  "state": "passed",
                  "speed": "fast",
                  "pass": true,
                  "fail": false,
                  "pending": false,
                  "context": null,
                  "code": "// https://on.cypress.io/env\n// set multiple environment variables\nCypress.env({\n  host: 'veronica.dev.local',\n  api_server: 'http://localhost:8888/v1/'\n});\n// get environment variable\nexpect(Cypress.env('host')).to.eq('veronica.dev.local');\n// set environment variable\nCypress.env('api_server', 'http://localhost:8888/v2/');\nexpect(Cypress.env('api_server')).to.eq('http://localhost:8888/v2/');\n// get all environment variable\nexpect(Cypress.env()).to.have.property('host', 'veronica.dev.local');\nexpect(Cypress.env()).to.have.property('api_server', 'http://localhost:8888/v2/');",
                  "err": {},
                  "uuid": "ec4008cf-a904-4187-a267-f166dab9fff3",
                  "parentUUID": "fa0cf546-007d-4932-9d0b-e20f1911bb9a",
                  "isHook": false,
                  "skipped": false
                }
              ],
              "suites": [],
              "passes": [
                "ec4008cf-a904-4187-a267-f166dab9fff3"
              ],
              "failures": [],
              "pending": [],
              "skipped": [],
              "duration": 75,
              "root": false,
              "rootEmpty": false,
              "_timeout": 2000
            },
            {
              "uuid": "80401085-f3c3-4005-af75-4bbe55651b2f",
              "title": "Cypress.log",
              "fullFile": "",
              "file": "",
              "beforeHooks": [],
              "afterHooks": [],
              "tests": [
                {
                  "title": "Control what is printed to the Command Log",
                  "fullTitle": "Cypress APIs Cypress.log Control what is printed to the Command Log",
                  "timedOut": null,
                  "duration": 73,
                  "state": "passed",
                  "speed": "fast",
                  "pass": true,
                  "fail": false,
                  "pending": false,
                  "context": null,
                  "code": "// https://on.cypress.io/cypress-log",
                  "err": {},
                  "uuid": "0fb83622-d46b-4f56-9437-47a4d87a6d0f",
                  "parentUUID": "80401085-f3c3-4005-af75-4bbe55651b2f",
                  "isHook": false,
                  "skipped": false
                }
              ],
              "suites": [],
              "passes": [
                "0fb83622-d46b-4f56-9437-47a4d87a6d0f"
              ],
              "failures": [],
              "pending": [],
              "skipped": [],
              "duration": 73,
              "root": false,
              "rootEmpty": false,
              "_timeout": 2000
            },
            {
              "uuid": "41251b7d-00e8-4cbd-af6b-a9d94d990d45",
              "title": "Cypress.platform",
              "fullFile": "",
              "file": "",
              "beforeHooks": [],
              "afterHooks": [],
              "tests": [
                {
                  "title": "Get underlying OS name",
                  "fullTitle": "Cypress APIs Cypress.platform Get underlying OS name",
                  "timedOut": null,
                  "duration": 75,
                  "state": "passed",
                  "speed": "fast",
                  "pass": true,
                  "fail": false,
                  "pending": false,
                  "context": null,
                  "code": "// https://on.cypress.io/platform\nexpect(Cypress.platform).to.be.exist;",
                  "err": {},
                  "uuid": "48826c76-668e-4dd9-a460-3c8dbe51ec91",
                  "parentUUID": "41251b7d-00e8-4cbd-af6b-a9d94d990d45",
                  "isHook": false,
                  "skipped": false
                }
              ],
              "suites": [],
              "passes": [
                "48826c76-668e-4dd9-a460-3c8dbe51ec91"
              ],
              "failures": [],
              "pending": [],
              "skipped": [],
              "duration": 75,
              "root": false,
              "rootEmpty": false,
              "_timeout": 2000
            },
            {
              "uuid": "836b4902-0c17-4fde-a742-09812b3e08d8",
              "title": "Cypress.version",
              "fullFile": "",
              "file": "",
              "beforeHooks": [],
              "afterHooks": [],
              "tests": [
                {
                  "title": "Get current version of Cypress being run",
                  "fullTitle": "Cypress APIs Cypress.version Get current version of Cypress being run",
                  "timedOut": null,
                  "duration": 73,
                  "state": "passed",
                  "speed": "fast",
                  "pass": true,
                  "fail": false,
                  "pending": false,
                  "context": null,
                  "code": "// https://on.cypress.io/version\nexpect(Cypress.version).to.be.exist;",
                  "err": {},
                  "uuid": "8ac9970b-4d45-4878-be5e-73540aabf944",
                  "parentUUID": "836b4902-0c17-4fde-a742-09812b3e08d8",
                  "isHook": false,
                  "skipped": false
                }
              ],
              "suites": [],
              "passes": [
                "8ac9970b-4d45-4878-be5e-73540aabf944"
              ],
              "failures": [],
              "pending": [],
              "skipped": [],
              "duration": 73,
              "root": false,
              "rootEmpty": false,
              "_timeout": 2000
            },
            {
              "uuid": "137c0589-a0e2-4047-ab66-2b3281f06a45",
              "title": "Cypress.spec",
              "fullFile": "",
              "file": "",
              "beforeHooks": [],
              "afterHooks": [],
              "tests": [
                {
                  "title": "Get current spec information",
                  "fullTitle": "Cypress APIs Cypress.spec Get current spec information",
                  "timedOut": null,
                  "duration": 77,
                  "state": "passed",
                  "speed": "fast",
                  "pass": true,
                  "fail": false,
                  "pending": false,
                  "context": null,
                  "code": "// https://on.cypress.io/spec\n// wrap the object so we can inspect it easily by clicking in the command log\ncy.wrap(Cypress.spec).should('include.keys', ['name', 'relative', 'absolute']);",
                  "err": {},
                  "uuid": "92fe75c2-a1d7-40fb-b201-9d07bbeb7070",
                  "parentUUID": "137c0589-a0e2-4047-ab66-2b3281f06a45",
                  "isHook": false,
                  "skipped": false
                }
              ],
              "suites": [],
              "passes": [
                "92fe75c2-a1d7-40fb-b201-9d07bbeb7070"
              ],
              "failures": [],
              "pending": [],
              "skipped": [],
              "duration": 77,
              "root": false,
              "rootEmpty": false,
              "_timeout": 2000
            }
          ],
          "passes": [],
          "failures": [],
          "pending": [],
          "skipped": [],
          "duration": 0,
          "root": false,
          "rootEmpty": false,
          "_timeout": 2000
        }
      ],
      "passes": [],
      "failures": [],
      "pending": [],
      "skipped": [],
      "duration": 0,
      "root": true,
      "rootEmpty": true,
      "_timeout": 2000
    }
  ],
  "meta": {
    "mocha": {
      "version": "7.0.1"
    },
    "mochawesome": {
      "options": {
        "quiet": false,
        "reportFilename": "mochawesome",
        "saveHtml": true,
        "saveJson": true,
        "consoleReporter": "spec",
        "useInlineDiffs": false,
        "code": true
      },
      "version": "7.1.3"
    },
    "marge": {
      "options": {
        "reportDir": "cypress/reports",
        "overwrite": false,
        "html": true,
        "json": true
      },
      "version": "6.2.0"
    }
  }
}